<?xml version="1.0" encoding="utf-8"?><testsuites name="pytest tests"><testsuite name="pytest" errors="0" failures="0" skipped="0" tests="10" time="4.057" timestamp="2026-01-04T22:51:35.841655+00:00" hostname="agent-env-8b922544-c3ea-4288-92d6-221c09c6c285"><testcase classname="tests.test_sms_backend.TestAuthentication" name="test_login_success" time="0.769" /><testcase classname="tests.test_sms_backend.TestAuthentication" name="test_login_invalid_credentials" time="0.163" /><testcase classname="tests.test_sms_backend.TestAuthentication" name="test_verify_token" time="0.272" /><testcase classname="tests.test_sms_backend.TestMatrizParametros" name="test_get_indicadores" time="0.522" /><testcase classname="tests.test_sms_backend.TestRendicion" name="test_get_rendicion" time="0.554" /><testcase classname="tests.test_sms_backend.TestRendicion" name="test_save_rendicion_with_calculated_fields" time="0.885" /><testcase classname="tests.test_sms_backend.TestContextoUsuario" name="test_get_contexto_usuario" time="0.167" /><testcase classname="tests.test_sms_backend.TestConfiguracion" name="test_get_configuracion" time="0.161" /><testcase classname="tests.test_sms_backend.TestConfiguracion" name="test_get_configuracion_years" time="0.281" /><testcase classname="tests.test_sms_backend.TestMenu" name="test_get_menu_by_role" time="0.164" /></testsuite></testsuites>