<?xml version="1.0" encoding="utf-8"?><testsuites name="pytest tests"><testsuite name="pytest" errors="0" failures="0" skipped="0" tests="9" time="5.830" timestamp="2026-01-05T22:24:28.352867+00:00" hostname="agent-env-9c58cd8a-aaba-49ba-8a7a-28a397c8a11a"><testcase classname="tests.test_programado_features.TestAuthentication" name="test_admin_login" time="0.752" /><testcase classname="tests.test_programado_features.TestSumaProgramadoEndpoint" name="test_suma_programado_returns_correct_structure" time="0.662" /><testcase classname="tests.test_programado_features.TestSumaProgramadoEndpoint" name="test_suma_programado_for_nonexistent_indicator" time="0.152" /><testcase classname="tests.test_programado_features.TestProgramadoSaveEndpoint" name="test_save_programado_without_monthly_data" time="1.245" /><testcase classname="tests.test_programado_features.TestProgramadoSaveEndpoint" name="test_save_programado_creates_rendicion_record" time="0.928" /><testcase classname="tests.test_programado_features.TestSumaProgramadoCalculation" name="test_suma_programado_reflects_saved_values" time="0.528" /><testcase classname="tests.test_programado_features.TestValidationAgainstMeta" name="test_meta_global_available_for_validation" time="0.377" /><testcase classname="tests.test_programado_features.TestValidationAgainstMeta" name="test_suma_programado_for_validation" time="0.543" /><testcase classname="tests.test_programado_features.TestRendicionEndpoints" name="test_get_rendicion_by_indicator_and_year" time="0.526" /></testsuite></testsuites>